00:00:01.296159 VirtualBox GUI VM Selector Window 6.1.2 r135662 linux.amd64 (Jan 14 2020 22:33:16) release log
00:00:01.296160 Log opened 2020-02-02T03:02:50.185478000Z
00:00:01.296160 Build Type: release
00:00:01.296162 OS Product: Linux
00:00:01.296162 OS Release: 5.4.14-arch1-1
00:00:01.296163 OS Version: #1 SMP PREEMPT Thu, 23 Jan 2020 10:07:05 +0000
00:00:01.296177 DMI Product Name: HP Pavilion Gaming Laptop 15-cx0xxx
00:00:01.296181 DMI Product Version: Type1ProductConfigId
00:00:01.296184 Firmware type: UEFI
00:00:01.296942 Secure Boot: Disabled
00:00:01.297029 Host RAM: 7852MB (7.6GB) total, 6136MB (5.9GB) available
00:00:01.297031 Executable: /usr/lib/virtualbox/VirtualBox
00:00:01.297032 Process ID: 81985
00:00:01.297032 Package type: LINUX_64BITS_GENERIC (OSE)
00:00:01.297065 Qt version: 5.14.1
00:00:01.352343 GUI: UIMediumEnumerator: Medium-enumeration started...
00:00:02.039255 GUI: UIDesktopWidgetWatchdog::sltHandleHostScreenAvailableGeometryCalculated: Screen 0 work area is actually resized to: 16x16 x 934x1042
00:00:02.072978 GUI: UIMediumEnumerator: Medium-enumeration finished!
00:00:06.274501 GUI: UIMediumEnumerator: Medium-enumeration finished!
00:00:29.195036 ERROR [COM]: aRC=NS_ERROR_UNEXPECTED (0x8000ffff) aIID={c0447716-ff5a-4795-b57a-ecd5fffa18a4} aComponent={SessionWrap} aText={The session is not locked (session state: Unlocked)}, preserve=false aResultDetail=0
00:00:33.625624 2D support test succeeded
00:00:41.201132 GUI: UIMediumEnumerator: Medium-enumeration finished!
00:00:56.808258 ERROR [COM]: aRC=NS_ERROR_UNEXPECTED (0x8000ffff) aIID={c0447716-ff5a-4795-b57a-ecd5fffa18a4} aComponent={SessionWrap} aText={The session is not locked (session state: Unlocked)}, preserve=false aResultDetail=0
00:01:07.064050 GUI: UIMediumEnumerator: Medium-enumeration finished!
00:05:42.614595 GUI: UIMediumEnumerator: Medium-enumeration finished!
00:05:52.163258 GUI: UIMediumEnumerator: Medium-enumeration finished!
